Test_Wifi/Application/build/intermediates/manifest_merge_blame_file/debug/manifest-merger-blame-debug-report.txt
1<?xml version="1.0" encoding="utf-8"?>
2<!--
3 Copyright 2018 The Android Open Source Project
4
5 Licensed under the Apache License, Version 2.0 (the "License");
6 you may not use this file except in compliance with the License.
7 You may obtain a copy of the License at
8
9     http://www.apache.org/licenses/LICENSE-2.0
10
11 Unless required by applicable law or agreed to in writing, software
12 distributed under the License is distributed on an "AS IS" BASIS,
13 WITHOUT WARRANTIES OR CONDITIONS OF ANY KIND, either express or implied.
14 See the License for the specific language governing permissions and
15 limitations under the License.
16-->
17<manifest xmlns:android="http://schemas.android.com/apk/res/android"
18    package="com.example.android.wifirttscan"
19    android:versionCode="1"
20    android:versionName="1.0" >
21
22    <uses-sdk
23        android:minSdkVersion="28"
23-->src\main\AndroidManifest.xml
24        android:targetSdkVersion="28" />
24-->src\main\AndroidManifest.xml
25
26    <uses-feature android:name="android.hardware.wifi.rtt" />
26-->src\main\AndroidManifest.xml:22:5-62
26-->src\main\AndroidManifest.xml:22:19-59
27
28    <!-- Permissions required for Wifi RTT. -->
29    <uses-permission android:name="android.permission.ACCESS_FINE_LOCATION" />
29-->src\main\AndroidManifest.xml:25:5-79
29-->src\main\AndroidManifest.xml:25:22-76
30    <uses-permission android:name="android.permission.ACCESS_WIFI_STATE" />
30-->src\main\AndroidManifest.xml:26:5-76
30-->src\main\AndroidManifest.xml:26:22-73
31    <uses-permission android:name="android.permission.CHANGE_WIFI_STATE" />
31-->src\main\AndroidManifest.xml:27:5-76
31-->src\main\AndroidManifest.xml:27:22-73
32
33    <application
33-->src\main\AndroidManifest.xml:29:5-71:19
34        android:allowBackup="true"
34-->src\main\AndroidManifest.xml:30:9-35
35        android:appComponentFactory="androidx.core.app.CoreComponentFactory"
35-->[androidx.core:core:1.0.0-beta01] AndroidManifest.xml:22:18-86
36        android:debuggable="true"
37        android:icon="@mipmap/ic_launcher"
37-->src\main\AndroidManifest.xml:31:9-43
38        android:label="@string/app_name"
38-->src\main\AndroidManifest.xml:32:9-41
39        android:roundIcon="@mipmap/ic_launcher_round"
39-->src\main\AndroidManifest.xml:33:9-54
40        android:supportsRtl="true"
40-->src\main\AndroidManifest.xml:34:9-35
41        android:testOnly="true"
42        android:theme="@style/CustomAppTheme" >
42-->src\main\AndroidManifest.xml:35:9-46
43        <activity
43-->src\main\AndroidManifest.xml:37:9-46:20
44            android:name="com.example.android.wifirttscan.MainActivity"
44-->src\main\AndroidManifest.xml:38:13-41
45            android:label="@string/app_name"
45-->src\main\AndroidManifest.xml:39:13-45
46            android:theme="@style/CustomAppTheme" >
46-->src\main\AndroidManifest.xml:40:13-50
47            <intent-filter>
47-->src\main\AndroidManifest.xml:41:13-45:29
48                <action android:name="android.intent.action.MAIN" />
48-->src\main\AndroidManifest.xml:42:17-69
48-->src\main\AndroidManifest.xml:42:25-66
49
50                <category android:name="android.intent.category.LAUNCHER" />
50-->src\main\AndroidManifest.xml:44:17-77
50-->src\main\AndroidManifest.xml:44:27-74
51            </intent-filter>
52        </activity>
53        <activity
53-->src\main\AndroidManifest.xml:48:9-57:20
54            android:name="com.example.android.wifirttscan.SubActivity"
54-->src\main\AndroidManifest.xml:49:13-40
55            android:label="@string/app_name"
55-->src\main\AndroidManifest.xml:50:13-45
56            android:theme="@style/CustomAppTheme" >
56-->src\main\AndroidManifest.xml:51:13-50
57            <intent-filter>
57-->src\main\AndroidManifest.xml:41:13-45:29
58                <action android:name="android.intent.action.MAIN" />
58-->src\main\AndroidManifest.xml:42:17-69
58-->src\main\AndroidManifest.xml:42:25-66
59
60                <category android:name="android.intent.category.LAUNCHER" />
60-->src\main\AndroidManifest.xml:44:17-77
60-->src\main\AndroidManifest.xml:44:27-74
61            </intent-filter>
62        </activity>
63        <activity
63-->src\main\AndroidManifest.xml:59:9-64:20
64            android:name="com.example.android.wifirttscan.LocationPermissionRequestActivity"
64-->src\main\AndroidManifest.xml:60:13-62
65            android:label="@string/title_activity_location_permission_request"
65-->src\main\AndroidManifest.xml:61:13-79
66            android:parentActivityName="com.example.android.wifirttscan.MainActivity"
66-->src\main\AndroidManifest.xml:62:13-55
67            android:theme="@style/CustomAppTheme" >
67-->src\main\AndroidManifest.xml:63:13-50
68        </activity>
69        <activity
69-->src\main\AndroidManifest.xml:66:9-70:20
70            android:name="com.example.android.wifirttscan.AccessPointRangingResultsActivity"
70-->src\main\AndroidManifest.xml:66:19-68
71            android:label="@string/title_activity_access_point_ranging_results"
71-->src\main\AndroidManifest.xml:67:13-80
72            android:parentActivityName="com.example.android.wifirttscan.MainActivity"
72-->src\main\AndroidManifest.xml:68:13-55
73            android:theme="@style/CustomAppTheme" >
73-->src\main\AndroidManifest.xml:69:13-50
74        </activity>
75    </application>
76
77</manifest>